<?xml version="1.0" encoding="UTF-8"?>
<!-- Generated by org.testng.reporters.JUnitReportReporter -->
<testsuite hostname="Lenovo-PC" failures="0" tests="6" name="com.test.pack1.LoginPageTest" time="23.586" errors="0" timestamp="03 Mar 2019 22:38:04 GMT" skipped="0">
  <testcase classname="com.test.pack1.LoginPageTest" name="loginToApplication" time="3.021"/>
  <testcase classname="com.test.pack1.LoginPageTest" name="clickOnLogin" time="6.333"/>
  <testcase classname="com.test.pack1.LoginPageTest" name="loginToApplication" time="3.299"/>
  <testcase classname="com.test.pack1.LoginPageTest" name="loginToApplication" time="4.064"/>
  <testcase classname="com.test.pack1.LoginPageTest" name="loginToApplication" time="2.848"/>
  <testcase classname="com.test.pack1.LoginPageTest" name="loginToApplication" time="4.021"/>
</testsuite> <!-- com.test.pack1.LoginPageTest -->
