<?xml version="1.0" encoding="UTF-8"?>
<!-- Generated by org.testng.reporters.JUnitReportReporter -->
<testsuite hostname="Lenovo-PC" failures="0" tests="6" name="com.test.pack1.LoginPageTest" time="33.548" errors="0" timestamp="04 Mar 2019 00:26:48 GMT" skipped="0">
  <testcase classname="com.test.pack1.LoginPageTest" name="clickOnLogin" time="10.440"/>
  <testcase classname="com.test.pack1.LoginPageTest" name="loginToApplication" time="5.002"/>
  <testcase classname="com.test.pack1.LoginPageTest" name="loginToApplication" time="3.956"/>
  <testcase classname="com.test.pack1.LoginPageTest" name="loginToApplication" time="5.305"/>
  <testcase classname="com.test.pack1.LoginPageTest" name="loginToApplication" time="4.976"/>
  <testcase classname="com.test.pack1.LoginPageTest" name="loginToApplication" time="3.869"/>
</testsuite> <!-- com.test.pack1.LoginPageTest -->
